<?xml version="1.0" encoding="utf-8"?><testsuites name="pytest tests"><testsuite name="pytest" errors="0" failures="0" skipped="0" tests="11" time="1.146" timestamp="2026-04-22T23:37:06.587017+00:00" hostname="agent-env-5d23f8f6-b9c6-474d-b885-963f8902efa5"><testcase classname="backend.tests.test_mukbuddy_api.TestHealth" name="test_health" time="0.164" /><testcase classname="backend.tests.test_mukbuddy_api.TestSecurity" name="test_security_headers" time="0.053" /><testcase classname="backend.tests.test_mukbuddy_api.TestSecurity" name="test_docs_disabled[/docs]" time="0.058" /><testcase classname="backend.tests.test_mukbuddy_api.TestSecurity" name="test_docs_disabled[/redoc]" time="0.051" /><testcase classname="backend.tests.test_mukbuddy_api.TestSecurity" name="test_docs_disabled[/openapi.json]" time="0.060" /><testcase classname="backend.tests.test_mukbuddy_api.TestLeads" name="test_create_lead_success" time="0.062" /><testcase classname="backend.tests.test_mukbuddy_api.TestLeads" name="test_invalid_email" time="0.053" /><testcase classname="backend.tests.test_mukbuddy_api.TestLeads" name="test_short_name" time="0.091" /><testcase classname="backend.tests.test_mukbuddy_api.TestLeads" name="test_short_message" time="0.050" /><testcase classname="backend.tests.test_mukbuddy_api.TestLeads" name="test_honeypot" time="0.053" /><testcase classname="backend.tests.test_mukbuddy_api.TestLeads" name="test_rate_limit" time="0.314" /></testsuite></testsuites>