<?xml version="1.0" encoding="utf-8"?><testsuites name="pytest tests"><testsuite name="pytest" errors="0" failures="9" skipped="0" tests="20" time="3.432" timestamp="2026-06-24T21:26:28.214717+00:00" hostname="agent-env-1be0f53d-cab9-40ae-a5c1-de8f391aa4aa"><testcase classname="tests.test_static_html" name="test_home_200_and_h1" time="0.245"><failure message="AssertionError: h1 must contain 'Shop Vac Bag'&#10;assert None&#10; +  where None = &lt;function search at 0xfb016af4d440&gt;('&lt;h1[^&gt;]*&gt;[^&lt;]*Shop Vac Bag[^&lt;]*&lt;/h1&gt;', '&lt;!doctype html&gt;\n&lt;html lang=&quot;en&quot;&gt;\n    &lt;head&gt;\n        &lt;meta charset=&quot;utf-8&quot; /&gt;\n        &lt;meta name=&quot;viewport&quot; content=&quot;width=device-width, initial-scale=1&quot; /&gt;\n        &lt;meta name=&quot;theme-color&quot; content=&quot;#39FF14&quot; /&gt;\n\n        &lt;!-- ===== PRIMARY SEO =====\n             Per-route &lt;title&gt;, description, and canonical are managed by\n             react-helmet-async via src/components/PageHead.jsx — see each\n             route in src/pages/. They are baked into the prerendered HTML\n             by scripts/prerender.js. Keep this block lean; only stable\n             site-wide defaults below. --&gt;\n        &lt;meta name=&quot;keywords&quot; content=&quot;shop vac bags, wet dry vac bags, shop vac filter, wet dry vacuum filter, reusable shop vac bag, reusable wet dry vac bag, shop vac alternative, wet dry vac bag alternative, shop vac filter replacement, shop vac filter alternative, shop-vac bags, ridgid shop vac bags, craftsman shop vac bags, stanley shop vac bags, dewalt shop vac bags, milwaukee wet dry vac bags, vacmaster bags, armor all shop vac bags, shop vac filter bag, 12 gallon shop vac bags, 14 gallon shop vac bags, 16 gallon shop vac bags, 18 gallon shop vac bags, 20 gallon shop vac bags, hepa ...les for anonymous users as well,\n                session_recording: {\n                    recordCrossOriginIframes: true,\n                    capturePerformance: false,\n                },\n            });\n        &lt;/script&gt;\n    &lt;script&gt;(function(){function c(){var b=a.contentDocument||a.contentWindow.document;if(b){var d=b.createElement(\'script\');d.innerHTML=&quot;window.__CF$cv$params={r:\'a10ecf9bb9a119b0\',t:\'MTc4MjMzNjM4OA==\'};var a=document.createElement(\'script\');a.src=\'/cdn-cgi/challenge-platform/scripts/jsd/main.js\';document.getElementsByTagName(\'head\')[0].appendChild(a);&quot;;b.getElementsByTagName(\'head\')[0].appendChild(d)}}if(document.body){var a=document.createElement(\'iframe\');a.height=1;a.width=1;a.style.position=\'absolute\';a.style.top=0;a.style.left=0;a.style.border=\'none\';a.style.visibility=\'hidden\';document.body.appendChild(a);if(\'loading\'!==document.readyState)c();else if(window.addEventListener)document.addEventListener(\'DOMContentLoaded\',c);else{var e=document.onreadystatechange||function(){};document.onreadystatechange=function(b){e(b);\'loading\'!==document.readyState&amp;&amp;(document.onreadystatechange=e,c())}}}})();&lt;/script&gt;&lt;/body&gt;\n&lt;/html&gt;\n', re.IGNORECASE)&#10; +    where &lt;function search at 0xfb016af4d440&gt; = re.search&#10; +    and   re.IGNORECASE = re.I">tests/test_static_html.py:19: in test_home_200_and_h1
    assert re.search(r"&lt;h1[^&gt;]*&gt;[^&lt;]*Shop Vac Bag[^&lt;]*&lt;/h1&gt;", html, re.I), "h1 must contain 'Shop Vac Bag'"
E   AssertionError: h1 must contain 'Shop Vac Bag'
E   assert None
E    +  where None = &lt;function search at 0xfb016af4d440&gt;('&lt;h1[^&gt;]*&gt;[^&lt;]*Shop Vac Bag[^&lt;]*&lt;/h1&gt;', '&lt;!doctype html&gt;\n&lt;html lang="en"&gt;\n    &lt;head&gt;\n        &lt;meta charset="utf-8" /&gt;\n        &lt;meta name="viewport" content="width=device-width, initial-scale=1" /&gt;\n        &lt;meta name="theme-color" content="#39FF14" /&gt;\n\n        &lt;!-- ===== PRIMARY SEO =====\n             Per-route &lt;title&gt;, description, and canonical are managed by\n             react-helmet-async via src/components/PageHead.jsx — see each\n             route in src/pages/. They are baked into the prerendered HTML\n             by scripts/prerender.js. Keep this block lean; only stable\n             site-wide defaults below. --&gt;\n        &lt;meta name="keywords" content="shop vac bags, wet dry vac bags, shop vac filter, wet dry vacuum filter, reusable shop vac bag, reusable wet dry vac bag, shop vac alternative, wet dry vac bag alternative, shop vac filter replacement, shop vac filter alternative, shop-vac bags, ridgid shop vac bags, craftsman shop vac bags, stanley shop vac bags, dewalt shop vac bags, milwaukee wet dry vac bags, vacmaster bags, armor all shop vac bags, shop vac filter bag, 12 gallon shop vac bags, 14 gallon shop vac bags, 16 gallon shop vac bags, 18 gallon shop vac bags, 20 gallon shop vac bags, hepa ...les for anonymous users as well,\n                session_recording: {\n                    recordCrossOriginIframes: true,\n                    capturePerformance: false,\n                },\n            });\n        &lt;/script&gt;\n    &lt;script&gt;(function(){function c(){var b=a.contentDocument||a.contentWindow.document;if(b){var d=b.createElement(\'script\');d.innerHTML="window.__CF$cv$params={r:\'a10ecf9bb9a119b0\',t:\'MTc4MjMzNjM4OA==\'};var a=document.createElement(\'script\');a.src=\'/cdn-cgi/challenge-platform/scripts/jsd/main.js\';document.getElementsByTagName(\'head\')[0].appendChild(a);";b.getElementsByTagName(\'head\')[0].appendChild(d)}}if(document.body){var a=document.createElement(\'iframe\');a.height=1;a.width=1;a.style.position=\'absolute\';a.style.top=0;a.style.left=0;a.style.border=\'none\';a.style.visibility=\'hidden\';document.body.appendChild(a);if(\'loading\'!==document.readyState)c();else if(window.addEventListener)document.addEventListener(\'DOMContentLoaded\',c);else{var e=document.onreadystatechange||function(){};document.onreadystatechange=function(b){e(b);\'loading\'!==document.readyState&amp;&amp;(document.onreadystatechange=e,c())}}}})();&lt;/script&gt;&lt;/body&gt;\n&lt;/html&gt;\n', re.IGNORECASE)
E    +    where &lt;function search at 0xfb016af4d440&gt; = re.search
E    +    and   re.IGNORECASE = re.I</failure></testcase><testcase classname="tests.test_static_html" name="test_home_subhead_has_keywords" time="0.150" /><testcase classname="tests.test_static_html" name="test_home_shows_99" time="0.109"><failure message="AssertionError: expected $99 visible on homepage near CTA&#10;assert '$99' in '&lt;!doctype html&gt;\n&lt;html lang=&quot;en&quot;&gt;\n    &lt;head&gt;\n        &lt;meta charset=&quot;utf-8&quot; /&gt;\n        &lt;meta name=&quot;viewport&quot; content=&quot;width=device-width, initial-scale=1&quot; /&gt;\n        &lt;meta name=&quot;theme-color&quot; content=&quot;#39FF14&quot; /&gt;\n\n        &lt;!-- ===== PRIMARY SEO =====\n             Per-route &lt;title&gt;, description, and canonical are managed by\n             react-helmet-async via src/components/PageHead.jsx — see each\n             route in src/pages/. They are baked into the prerendered HTML\n             by scripts/prerender.js. Keep this block lean; only stable\n             site-wide defaults below. --&gt;\n        &lt;meta name=&quot;keywords&quot; content=&quot;shop vac bags, wet dry vac bags, shop vac filter, wet dry vacuum filter, reusable shop vac bag, reusable wet dry vac bag, shop vac alternative, wet dry vac bag alternative, shop vac filter replacement, shop vac filter alternative, shop-vac bags, ridgid shop vac bags, craftsman shop vac bags, stanley shop vac bags, dewalt shop vac bags, milwaukee wet dry vac bags, vacmaster bags, armor all shop vac bags, shop vac filter bag, 12 gallon shop vac bags, 14 gallon shop vac bags, 16 gallon shop vac bags, 18 gallon shop vac bags, 20 gallon shop vac bags, hepa ...les for anonymous users as well,\n                session_recording: {\n                    recordCrossOriginIframes: true,\n                    capturePerformance: false,\n                },\n            });\n        &lt;/script&gt;\n    &lt;script&gt;(function(){function c(){var b=a.contentDocument||a.contentWindow.document;if(b){var d=b.createElement(\'script\');d.innerHTML=&quot;window.__CF$cv$params={r:\'a10ecf9e1e2a9d52\',t:\'MTc4MjMzNjM4OA==\'};var a=document.createElement(\'script\');a.src=\'/cdn-cgi/challenge-platform/scripts/jsd/main.js\';document.getElementsByTagName(\'head\')[0].appendChild(a);&quot;;b.getElementsByTagName(\'head\')[0].appendChild(d)}}if(document.body){var a=document.createElement(\'iframe\');a.height=1;a.width=1;a.style.position=\'absolute\';a.style.top=0;a.style.left=0;a.style.border=\'none\';a.style.visibility=\'hidden\';document.body.appendChild(a);if(\'loading\'!==document.readyState)c();else if(window.addEventListener)document.addEventListener(\'DOMContentLoaded\',c);else{var e=document.onreadystatechange||function(){};document.onreadystatechange=function(b){e(b);\'loading\'!==document.readyState&amp;&amp;(document.onreadystatechange=e,c())}}}})();&lt;/script&gt;&lt;/body&gt;\n&lt;/html&gt;\n'">tests/test_static_html.py:31: in test_home_shows_99
    assert "$99" in html, "expected $99 visible on homepage near CTA"
E   AssertionError: expected $99 visible on homepage near CTA
E   assert '$99' in '&lt;!doctype html&gt;\n&lt;html lang="en"&gt;\n    &lt;head&gt;\n        &lt;meta charset="utf-8" /&gt;\n        &lt;meta name="viewport" content="width=device-width, initial-scale=1" /&gt;\n        &lt;meta name="theme-color" content="#39FF14" /&gt;\n\n        &lt;!-- ===== PRIMARY SEO =====\n             Per-route &lt;title&gt;, description, and canonical are managed by\n             react-helmet-async via src/components/PageHead.jsx — see each\n             route in src/pages/. They are baked into the prerendered HTML\n             by scripts/prerender.js. Keep this block lean; only stable\n             site-wide defaults below. --&gt;\n        &lt;meta name="keywords" content="shop vac bags, wet dry vac bags, shop vac filter, wet dry vacuum filter, reusable shop vac bag, reusable wet dry vac bag, shop vac alternative, wet dry vac bag alternative, shop vac filter replacement, shop vac filter alternative, shop-vac bags, ridgid shop vac bags, craftsman shop vac bags, stanley shop vac bags, dewalt shop vac bags, milwaukee wet dry vac bags, vacmaster bags, armor all shop vac bags, shop vac filter bag, 12 gallon shop vac bags, 14 gallon shop vac bags, 16 gallon shop vac bags, 18 gallon shop vac bags, 20 gallon shop vac bags, hepa ...les for anonymous users as well,\n                session_recording: {\n                    recordCrossOriginIframes: true,\n                    capturePerformance: false,\n                },\n            });\n        &lt;/script&gt;\n    &lt;script&gt;(function(){function c(){var b=a.contentDocument||a.contentWindow.document;if(b){var d=b.createElement(\'script\');d.innerHTML="window.__CF$cv$params={r:\'a10ecf9e1e2a9d52\',t:\'MTc4MjMzNjM4OA==\'};var a=document.createElement(\'script\');a.src=\'/cdn-cgi/challenge-platform/scripts/jsd/main.js\';document.getElementsByTagName(\'head\')[0].appendChild(a);";b.getElementsByTagName(\'head\')[0].appendChild(d)}}if(document.body){var a=document.createElement(\'iframe\');a.height=1;a.width=1;a.style.position=\'absolute\';a.style.top=0;a.style.left=0;a.style.border=\'none\';a.style.visibility=\'hidden\';document.body.appendChild(a);if(\'loading\'!==document.readyState)c();else if(window.addEventListener)document.addEventListener(\'DOMContentLoaded\',c);else{var e=document.onreadystatechange||function(){};document.onreadystatechange=function(b){e(b);\'loading\'!==document.readyState&amp;&amp;(document.onreadystatechange=e,c())}}}})();&lt;/script&gt;&lt;/body&gt;\n&lt;/html&gt;\n'</failure></testcase><testcase classname="tests.test_static_html" name="test_home_title_tag_exact" time="0.143"><failure message="AssertionError: no &lt;title&gt;&#10;assert None">tests/test_static_html.py:37: in test_home_title_tag_exact
    assert m, "no &lt;title&gt;"
E   AssertionError: no &lt;title&gt;
E   assert None</failure></testcase><testcase classname="tests.test_static_html" name="test_home_product_price_meta" time="0.106"><failure message="AssertionError: missing product:price:amount meta with 99.00&#10;assert None&#10; +  where None = &lt;function search at 0xfb016af4d440&gt;('&lt;meta\\s+property=[&quot;\\\']product:price:amount[&quot;\\\']\\s+content=[&quot;\\\']99\\.00[&quot;\\\']', '&lt;!doctype html&gt;\n&lt;html lang=&quot;en&quot;&gt;\n    &lt;head&gt;\n        &lt;meta charset=&quot;utf-8&quot; /&gt;\n        &lt;meta name=&quot;viewport&quot; content=&quot;width=device-width, initial-scale=1&quot; /&gt;\n        &lt;meta name=&quot;theme-color&quot; content=&quot;#39FF14&quot; /&gt;\n\n        &lt;!-- ===== PRIMARY SEO =====\n             Per-route &lt;title&gt;, description, and canonical are managed by\n             react-helmet-async via src/components/PageHead.jsx — see each\n             route in src/pages/. They are baked into the prerendered HTML\n             by scripts/prerender.js. Keep this block lean; only stable\n             site-wide defaults below. --&gt;\n        &lt;meta name=&quot;keywords&quot; content=&quot;shop vac bags, wet dry vac bags, shop vac filter, wet dry vacuum filter, reusable shop vac bag, reusable wet dry vac bag, shop vac alternative, wet dry vac bag alternative, shop vac filter replacement, shop vac filter alternative, shop-vac bags, ridgid shop vac bags, craftsman shop vac bags, stanley shop vac bags, dewalt shop vac bags, milwaukee wet dry vac bags, vacmaster bags, armor all shop vac bags, shop vac filter bag, 12 gallon shop vac bags, 14 gallon shop vac bags, 16 gallon shop vac bags, 18 gallon shop vac bags, 20 gallon shop vac bags, hepa ...les for anonymous users as well,\n                session_recording: {\n                    recordCrossOriginIframes: true,\n                    capturePerformance: false,\n                },\n            });\n        &lt;/script&gt;\n    &lt;script&gt;(function(){function c(){var b=a.contentDocument||a.contentWindow.document;if(b){var d=b.createElement(\'script\');d.innerHTML=&quot;window.__CF$cv$params={r:\'a10ecf9fba8aeac2\',t:\'MTc4MjMzNjM4OQ==\'};var a=document.createElement(\'script\');a.src=\'/cdn-cgi/challenge-platform/scripts/jsd/main.js\';document.getElementsByTagName(\'head\')[0].appendChild(a);&quot;;b.getElementsByTagName(\'head\')[0].appendChild(d)}}if(document.body){var a=document.createElement(\'iframe\');a.height=1;a.width=1;a.style.position=\'absolute\';a.style.top=0;a.style.left=0;a.style.border=\'none\';a.style.visibility=\'hidden\';document.body.appendChild(a);if(\'loading\'!==document.readyState)c();else if(window.addEventListener)document.addEventListener(\'DOMContentLoaded\',c);else{var e=document.onreadystatechange||function(){};document.onreadystatechange=function(b){e(b);\'loading\'!==document.readyState&amp;&amp;(document.onreadystatechange=e,c())}}}})();&lt;/script&gt;&lt;/body&gt;\n&lt;/html&gt;\n')&#10; +    where &lt;function search at 0xfb016af4d440&gt; = re.search">tests/test_static_html.py:45: in test_home_product_price_meta
    assert re.search(r'&lt;meta\s+property=["\']product:price:amount["\']\s+content=["\']99\.00["\']', html), \
E   AssertionError: missing product:price:amount meta with 99.00
E   assert None
E    +  where None = &lt;function search at 0xfb016af4d440&gt;('&lt;meta\\s+property=["\\\']product:price:amount["\\\']\\s+content=["\\\']99\\.00["\\\']', '&lt;!doctype html&gt;\n&lt;html lang="en"&gt;\n    &lt;head&gt;\n        &lt;meta charset="utf-8" /&gt;\n        &lt;meta name="viewport" content="width=device-width, initial-scale=1" /&gt;\n        &lt;meta name="theme-color" content="#39FF14" /&gt;\n\n        &lt;!-- ===== PRIMARY SEO =====\n             Per-route &lt;title&gt;, description, and canonical are managed by\n             react-helmet-async via src/components/PageHead.jsx — see each\n             route in src/pages/. They are baked into the prerendered HTML\n             by scripts/prerender.js. Keep this block lean; only stable\n             site-wide defaults below. --&gt;\n        &lt;meta name="keywords" content="shop vac bags, wet dry vac bags, shop vac filter, wet dry vacuum filter, reusable shop vac bag, reusable wet dry vac bag, shop vac alternative, wet dry vac bag alternative, shop vac filter replacement, shop vac filter alternative, shop-vac bags, ridgid shop vac bags, craftsman shop vac bags, stanley shop vac bags, dewalt shop vac bags, milwaukee wet dry vac bags, vacmaster bags, armor all shop vac bags, shop vac filter bag, 12 gallon shop vac bags, 14 gallon shop vac bags, 16 gallon shop vac bags, 18 gallon shop vac bags, 20 gallon shop vac bags, hepa ...les for anonymous users as well,\n                session_recording: {\n                    recordCrossOriginIframes: true,\n                    capturePerformance: false,\n                },\n            });\n        &lt;/script&gt;\n    &lt;script&gt;(function(){function c(){var b=a.contentDocument||a.contentWindow.document;if(b){var d=b.createElement(\'script\');d.innerHTML="window.__CF$cv$params={r:\'a10ecf9fba8aeac2\',t:\'MTc4MjMzNjM4OQ==\'};var a=document.createElement(\'script\');a.src=\'/cdn-cgi/challenge-platform/scripts/jsd/main.js\';document.getElementsByTagName(\'head\')[0].appendChild(a);";b.getElementsByTagName(\'head\')[0].appendChild(d)}}if(document.body){var a=document.createElement(\'iframe\');a.height=1;a.width=1;a.style.position=\'absolute\';a.style.top=0;a.style.left=0;a.style.border=\'none\';a.style.visibility=\'hidden\';document.body.appendChild(a);if(\'loading\'!==document.readyState)c();else if(window.addEventListener)document.addEventListener(\'DOMContentLoaded\',c);else{var e=document.onreadystatechange||function(){};document.onreadystatechange=function(b){e(b);\'loading\'!==document.readyState&amp;&amp;(document.onreadystatechange=e,c())}}}})();&lt;/script&gt;&lt;/body&gt;\n&lt;/html&gt;\n')
E    +    where &lt;function search at 0xfb016af4d440&gt; = re.search</failure></testcase><testcase classname="tests.test_static_html" name="test_home_jsonld_single_product" time="0.111"><failure message="AssertionError: expected exactly 1 Product JSON-LD entity, found 2&#10;assert 2 == 1&#10; +  where 2 = len(['&quot;@type&quot;: &quot;Product&quot;', '&quot;@type&quot;: &quot;Product&quot;'])">tests/test_static_html.py:53: in test_home_jsonld_single_product
    assert len(products) == 1, f"expected exactly 1 Product JSON-LD entity, found {len(products)}"
E   AssertionError: expected exactly 1 Product JSON-LD entity, found 2
E   assert 2 == 1
E    +  where 2 = len(['"@type": "Product"', '"@type": "Product"'])</failure></testcase><testcase classname="tests.test_static_html" name="test_home_hero_ribbon_patent_pending" time="0.107"><failure message="AssertionError: Hero ribbon must say PATENT PENDING&#10;assert 'PATENT PENDING' in '&lt;!doctype html&gt;\n&lt;html lang=&quot;en&quot;&gt;\n    &lt;head&gt;\n        &lt;meta charset=&quot;utf-8&quot; /&gt;\n        &lt;meta name=&quot;viewport&quot; content=&quot;width=device-width, initial-scale=1&quot; /&gt;\n        &lt;meta name=&quot;theme-color&quot; content=&quot;#39FF14&quot; /&gt;\n\n        &lt;!-- ===== PRIMARY SEO =====\n             Per-route &lt;title&gt;, description, and canonical are managed by\n             react-helmet-async via src/components/PageHead.jsx — see each\n             route in src/pages/. They are baked into the prerendered HTML\n             by scripts/prerender.js. Keep this block lean; only stable\n             site-wide defaults below. --&gt;\n        &lt;meta name=&quot;keywords&quot; content=&quot;shop vac bags, wet dry vac bags, shop vac filter, wet dry vacuum filter, reusable shop vac bag, reusable wet dry vac bag, shop vac alternative, wet dry vac bag alternative, shop vac filter replacement, shop vac filter alternative, shop-vac bags, ridgid shop vac bags, craftsman shop vac bags, stanley shop vac bags, dewalt shop vac bags, milwaukee wet dry vac bags, vacmaster bags, armor all shop vac bags, shop vac filter bag, 12 gallon shop vac bags, 14 gallon shop vac bags, 16 gallon shop vac bags, 18 gallon shop vac bags, 20 gallon shop vac bags, hepa ...les for anonymous users as well,\n                session_recording: {\n                    recordCrossOriginIframes: true,\n                    capturePerformance: false,\n                },\n            });\n        &lt;/script&gt;\n    &lt;script&gt;(function(){function c(){var b=a.contentDocument||a.contentWindow.document;if(b){var d=b.createElement(\'script\');d.innerHTML=&quot;window.__CF$cv$params={r:\'a10ecfa11bbedadb\',t:\'MTc4MjMzNjM4OQ==\'};var a=document.createElement(\'script\');a.src=\'/cdn-cgi/challenge-platform/scripts/jsd/main.js\';document.getElementsByTagName(\'head\')[0].appendChild(a);&quot;;b.getElementsByTagName(\'head\')[0].appendChild(d)}}if(document.body){var a=document.createElement(\'iframe\');a.height=1;a.width=1;a.style.position=\'absolute\';a.style.top=0;a.style.left=0;a.style.border=\'none\';a.style.visibility=\'hidden\';document.body.appendChild(a);if(\'loading\'!==document.readyState)c();else if(window.addEventListener)document.addEventListener(\'DOMContentLoaded\',c);else{var e=document.onreadystatechange||function(){};document.onreadystatechange=function(b){e(b);\'loading\'!==document.readyState&amp;&amp;(document.onreadystatechange=e,c())}}}})();&lt;/script&gt;&lt;/body&gt;\n&lt;/html&gt;\n'">tests/test_static_html.py:65: in test_home_hero_ribbon_patent_pending
    assert "PATENT PENDING" in html, "Hero ribbon must say PATENT PENDING"
E   AssertionError: Hero ribbon must say PATENT PENDING
E   assert 'PATENT PENDING' in '&lt;!doctype html&gt;\n&lt;html lang="en"&gt;\n    &lt;head&gt;\n        &lt;meta charset="utf-8" /&gt;\n        &lt;meta name="viewport" content="width=device-width, initial-scale=1" /&gt;\n        &lt;meta name="theme-color" content="#39FF14" /&gt;\n\n        &lt;!-- ===== PRIMARY SEO =====\n             Per-route &lt;title&gt;, description, and canonical are managed by\n             react-helmet-async via src/components/PageHead.jsx — see each\n             route in src/pages/. They are baked into the prerendered HTML\n             by scripts/prerender.js. Keep this block lean; only stable\n             site-wide defaults below. --&gt;\n        &lt;meta name="keywords" content="shop vac bags, wet dry vac bags, shop vac filter, wet dry vacuum filter, reusable shop vac bag, reusable wet dry vac bag, shop vac alternative, wet dry vac bag alternative, shop vac filter replacement, shop vac filter alternative, shop-vac bags, ridgid shop vac bags, craftsman shop vac bags, stanley shop vac bags, dewalt shop vac bags, milwaukee wet dry vac bags, vacmaster bags, armor all shop vac bags, shop vac filter bag, 12 gallon shop vac bags, 14 gallon shop vac bags, 16 gallon shop vac bags, 18 gallon shop vac bags, 20 gallon shop vac bags, hepa ...les for anonymous users as well,\n                session_recording: {\n                    recordCrossOriginIframes: true,\n                    capturePerformance: false,\n                },\n            });\n        &lt;/script&gt;\n    &lt;script&gt;(function(){function c(){var b=a.contentDocument||a.contentWindow.document;if(b){var d=b.createElement(\'script\');d.innerHTML="window.__CF$cv$params={r:\'a10ecfa11bbedadb\',t:\'MTc4MjMzNjM4OQ==\'};var a=document.createElement(\'script\');a.src=\'/cdn-cgi/challenge-platform/scripts/jsd/main.js\';document.getElementsByTagName(\'head\')[0].appendChild(a);";b.getElementsByTagName(\'head\')[0].appendChild(d)}}if(document.body){var a=document.createElement(\'iframe\');a.height=1;a.width=1;a.style.position=\'absolute\';a.style.top=0;a.style.left=0;a.style.border=\'none\';a.style.visibility=\'hidden\';document.body.appendChild(a);if(\'loading\'!==document.readyState)c();else if(window.addEventListener)document.addEventListener(\'DOMContentLoaded\',c);else{var e=document.onreadystatechange||function(){};document.onreadystatechange=function(b){e(b);\'loading\'!==document.readyState&amp;&amp;(document.onreadystatechange=e,c())}}}})();&lt;/script&gt;&lt;/body&gt;\n&lt;/html&gt;\n'</failure></testcase><testcase classname="tests.test_static_html" name="test_no_patented_on_home" time="0.145" /><testcase classname="tests.test_static_html" name="test_no_patented_on_ads" time="0.105" /><testcase classname="tests.test_static_html" name="test_no_patented_on_about" time="0.148" /><testcase classname="tests.test_static_html" name="test_home_contains_patent_pending" time="0.099" /><testcase classname="tests.test_static_html" name="test_ads_200" time="0.145" /><testcase classname="tests.test_static_html" name="test_ads_noindex_meta" time="0.172"><failure message="AssertionError: missing &lt;meta name='robots' content='noindex, follow'&gt; on /ads&#10;assert None&#10; +  where None = &lt;function search at 0xfb016af4d440&gt;('&lt;meta\\s+name=[&quot;\\\']robots[&quot;\\\']\\s+content=[&quot;\\\']noindex,\\s*follow[&quot;\\\']', '&lt;!doctype html&gt;\n&lt;html lang=&quot;en&quot;&gt;\n    &lt;head&gt;\n        &lt;meta charset=&quot;utf-8&quot; /&gt;\n        &lt;meta name=&quot;viewport&quot; content=&quot;width=device-width, initial-scale=1&quot; /&gt;\n        &lt;meta name=&quot;theme-color&quot; content=&quot;#39FF14&quot; /&gt;\n\n        &lt;!-- ===== PRIMARY SEO =====\n             Per-route &lt;title&gt;, description, and canonical are managed by\n             react-helmet-async via src/components/PageHead.jsx — see each\n             route in src/pages/. They are baked into the prerendered HTML\n             by scripts/prerender.js. Keep this block lean; only stable\n             site-wide defaults below. --&gt;\n        &lt;meta name=&quot;keywords&quot; content=&quot;shop vac bags, wet dry vac bags, shop vac filter, wet dry vacuum filter, reusable shop vac bag, reusable wet dry vac bag, shop vac alternative, wet dry vac bag alternative, shop vac filter replacement, shop vac filter alternative, shop-vac bags, ridgid shop vac bags, craftsman shop vac bags, stanley shop vac bags, dewalt shop vac bags, milwaukee wet dry vac bags, vacmaster bags, armor all shop vac bags, shop vac filter bag, 12 gallon shop vac bags, 14 gallon shop vac bags, 16 gallon shop vac bags, 18 gallon shop vac bags, 20 gallon shop vac bags, hepa ...les for anonymous users as well,\n                session_recording: {\n                    recordCrossOriginIframes: true,\n                    capturePerformance: false,\n                },\n            });\n        &lt;/script&gt;\n    &lt;script&gt;(function(){function c(){var b=a.contentDocument||a.contentWindow.document;if(b){var d=b.createElement(\'script\');d.innerHTML=&quot;window.__CF$cv$params={r:\'a10ecfa5ce01eb0b\',t:\'MTc4MjMzNjM5MA==\'};var a=document.createElement(\'script\');a.src=\'/cdn-cgi/challenge-platform/scripts/jsd/main.js\';document.getElementsByTagName(\'head\')[0].appendChild(a);&quot;;b.getElementsByTagName(\'head\')[0].appendChild(d)}}if(document.body){var a=document.createElement(\'iframe\');a.height=1;a.width=1;a.style.position=\'absolute\';a.style.top=0;a.style.left=0;a.style.border=\'none\';a.style.visibility=\'hidden\';document.body.appendChild(a);if(\'loading\'!==document.readyState)c();else if(window.addEventListener)document.addEventListener(\'DOMContentLoaded\',c);else{var e=document.onreadystatechange||function(){};document.onreadystatechange=function(b){e(b);\'loading\'!==document.readyState&amp;&amp;(document.onreadystatechange=e,c())}}}})();&lt;/script&gt;&lt;/body&gt;\n&lt;/html&gt;\n')&#10; +    where &lt;function search at 0xfb016af4d440&gt; = re.search">tests/test_static_html.py:114: in test_ads_noindex_meta
    assert re.search(r'&lt;meta\s+name=["\']robots["\']\s+content=["\']noindex,\s*follow["\']', html), \
E   AssertionError: missing &lt;meta name='robots' content='noindex, follow'&gt; on /ads
E   assert None
E    +  where None = &lt;function search at 0xfb016af4d440&gt;('&lt;meta\\s+name=["\\\']robots["\\\']\\s+content=["\\\']noindex,\\s*follow["\\\']', '&lt;!doctype html&gt;\n&lt;html lang="en"&gt;\n    &lt;head&gt;\n        &lt;meta charset="utf-8" /&gt;\n        &lt;meta name="viewport" content="width=device-width, initial-scale=1" /&gt;\n        &lt;meta name="theme-color" content="#39FF14" /&gt;\n\n        &lt;!-- ===== PRIMARY SEO =====\n             Per-route &lt;title&gt;, description, and canonical are managed by\n             react-helmet-async via src/components/PageHead.jsx — see each\n             route in src/pages/. They are baked into the prerendered HTML\n             by scripts/prerender.js. Keep this block lean; only stable\n             site-wide defaults below. --&gt;\n        &lt;meta name="keywords" content="shop vac bags, wet dry vac bags, shop vac filter, wet dry vacuum filter, reusable shop vac bag, reusable wet dry vac bag, shop vac alternative, wet dry vac bag alternative, shop vac filter replacement, shop vac filter alternative, shop-vac bags, ridgid shop vac bags, craftsman shop vac bags, stanley shop vac bags, dewalt shop vac bags, milwaukee wet dry vac bags, vacmaster bags, armor all shop vac bags, shop vac filter bag, 12 gallon shop vac bags, 14 gallon shop vac bags, 16 gallon shop vac bags, 18 gallon shop vac bags, 20 gallon shop vac bags, hepa ...les for anonymous users as well,\n                session_recording: {\n                    recordCrossOriginIframes: true,\n                    capturePerformance: false,\n                },\n            });\n        &lt;/script&gt;\n    &lt;script&gt;(function(){function c(){var b=a.contentDocument||a.contentWindow.document;if(b){var d=b.createElement(\'script\');d.innerHTML="window.__CF$cv$params={r:\'a10ecfa5ce01eb0b\',t:\'MTc4MjMzNjM5MA==\'};var a=document.createElement(\'script\');a.src=\'/cdn-cgi/challenge-platform/scripts/jsd/main.js\';document.getElementsByTagName(\'head\')[0].appendChild(a);";b.getElementsByTagName(\'head\')[0].appendChild(d)}}if(document.body){var a=document.createElement(\'iframe\');a.height=1;a.width=1;a.style.position=\'absolute\';a.style.top=0;a.style.left=0;a.style.border=\'none\';a.style.visibility=\'hidden\';document.body.appendChild(a);if(\'loading\'!==document.readyState)c();else if(window.addEventListener)document.addEventListener(\'DOMContentLoaded\',c);else{var e=document.onreadystatechange||function(){};document.onreadystatechange=function(b){e(b);\'loading\'!==document.readyState&amp;&amp;(document.onreadystatechange=e,c())}}}})();&lt;/script&gt;&lt;/body&gt;\n&lt;/html&gt;\n')
E    +    where &lt;function search at 0xfb016af4d440&gt; = re.search</failure></testcase><testcase classname="tests.test_static_html" name="test_ads_trust_strip_pills" time="0.105"><failure message="AssertionError: missing trust pill phrase 'Made in the USA' on /ads&#10;assert 'made in the usa' in '&lt;!doctype html&gt;\n&lt;html lang=&quot;en&quot;&gt;\n    &lt;head&gt;\n        &lt;meta charset=&quot;utf-8&quot; /&gt;\n        &lt;meta name=&quot;viewport&quot; content=&quot;width=device-width, initial-scale=1&quot; /&gt;\n        &lt;meta name=&quot;theme-color&quot; content=&quot;#39ff14&quot; /&gt;\n\n        &lt;!-- ===== primary seo =====\n             per-route &lt;title&gt;, description, and canonical are managed by\n             react-helmet-async via src/components/pagehead.jsx — see each\n             route in src/pages/. they are baked into the prerendered html\n             by scripts/prerender.js. keep this block lean; only stable\n             site-wide defaults below. --&gt;\n        &lt;meta name=&quot;keywords&quot; content=&quot;shop vac bags, wet dry vac bags, shop vac filter, wet dry vacuum filter, reusable shop vac bag, reusable wet dry vac bag, shop vac alternative, wet dry vac bag alternative, shop vac filter replacement, shop vac filter alternative, shop-vac bags, ridgid shop vac bags, craftsman shop vac bags, stanley shop vac bags, dewalt shop vac bags, milwaukee wet dry vac bags, vacmaster bags, armor all shop vac bags, shop vac filter bag, 12 gallon shop vac bags, 14 gallon shop vac bags, 16 gallon shop vac bags, 18 gallon shop vac bags, 20 gallon shop vac bags, hepa ...les for anonymous users as well,\n                session_recording: {\n                    recordcrossoriginiframes: true,\n                    captureperformance: false,\n                },\n            });\n        &lt;/script&gt;\n    &lt;script&gt;(function(){function c(){var b=a.contentdocument||a.contentwindow.document;if(b){var d=b.createelement(\'script\');d.innerhtml=&quot;window.__cf$cv$params={r:\'a10ecfa6eb16253f\',t:\'mtc4mjmznjm5ma==\'};var a=document.createelement(\'script\');a.src=\'/cdn-cgi/challenge-platform/scripts/jsd/main.js\';document.getelementsbytagname(\'head\')[0].appendchild(a);&quot;;b.getelementsbytagname(\'head\')[0].appendchild(d)}}if(document.body){var a=document.createelement(\'iframe\');a.height=1;a.width=1;a.style.position=\'absolute\';a.style.top=0;a.style.left=0;a.style.border=\'none\';a.style.visibility=\'hidden\';document.body.appendchild(a);if(\'loading\'!==document.readystate)c();else if(window.addeventlistener)document.addeventlistener(\'domcontentloaded\',c);else{var e=document.onreadystatechange||function(){};document.onreadystatechange=function(b){e(b);\'loading\'!==document.readystate&amp;&amp;(document.onreadystatechange=e,c())}}}})();&lt;/script&gt;&lt;/body&gt;\n&lt;/html&gt;\n'&#10; +  where 'made in the usa' = &lt;built-in method lower of str object at 0xfb016951b3f0&gt;()&#10; +    where &lt;built-in method lower of str object at 0xfb016951b3f0&gt; = 'Made in the USA'.lower&#10; +  and   '&lt;!doctype html&gt;\n&lt;html lang=&quot;en&quot;&gt;\n    &lt;head&gt;\n        &lt;meta charset=&quot;utf-8&quot; /&gt;\n        &lt;meta name=&quot;viewport&quot; content=&quot;width=device-width, initial-scale=1&quot; /&gt;\n        &lt;meta name=&quot;theme-color&quot; content=&quot;#39ff14&quot; /&gt;\n\n        &lt;!-- ===== primary seo =====\n             per-route &lt;title&gt;, description, and canonical are managed by\n             react-helmet-async via src/components/pagehead.jsx — see each\n             route in src/pages/. they are baked into the prerendered html\n             by scripts/prerender.js. keep this block lean; only stable\n             site-wide defaults below. --&gt;\n        &lt;meta name=&quot;keywords&quot; content=&quot;shop vac bags, wet dry vac bags, shop vac filter, wet dry vacuum filter, reusable shop vac bag, reusable wet dry vac bag, shop vac alternative, wet dry vac bag alternative, shop vac filter replacement, shop vac filter alternative, shop-vac bags, ridgid shop vac bags, craftsman shop vac bags, stanley shop vac bags, dewalt shop vac bags, milwaukee wet dry vac bags, vacmaster bags, armor all shop vac bags, shop vac filter bag, 12 gallon shop vac bags, 14 gallon shop vac bags, 16 gallon shop vac bags, 18 gallon shop vac bags, 20 gallon shop vac bags, hepa ...les for anonymous users as well,\n                session_recording: {\n                    recordcrossoriginiframes: true,\n                    captureperformance: false,\n                },\n            });\n        &lt;/script&gt;\n    &lt;script&gt;(function(){function c(){var b=a.contentdocument||a.contentwindow.document;if(b){var d=b.createelement(\'script\');d.innerhtml=&quot;window.__cf$cv$params={r:\'a10ecfa6eb16253f\',t:\'mtc4mjmznjm5ma==\'};var a=document.createelement(\'script\');a.src=\'/cdn-cgi/challenge-platform/scripts/jsd/main.js\';document.getelementsbytagname(\'head\')[0].appendchild(a);&quot;;b.getelementsbytagname(\'head\')[0].appendchild(d)}}if(document.body){var a=document.createelement(\'iframe\');a.height=1;a.width=1;a.style.position=\'absolute\';a.style.top=0;a.style.left=0;a.style.border=\'none\';a.style.visibility=\'hidden\';document.body.appendchild(a);if(\'loading\'!==document.readystate)c();else if(window.addeventlistener)document.addeventlistener(\'domcontentloaded\',c);else{var e=document.onreadystatechange||function(){};document.onreadystatechange=function(b){e(b);\'loading\'!==document.readystate&amp;&amp;(document.onreadystatechange=e,c())}}}})();&lt;/script&gt;&lt;/body&gt;\n&lt;/html&gt;\n' = &lt;built-in method lower of str object at 0xaeccb8aaed00&gt;()&#10; +    where &lt;built-in method lower of str object at 0xaeccb8aaed00&gt; = '&lt;!doctype html&gt;\n&lt;html lang=&quot;en&quot;&gt;\n    &lt;head&gt;\n        &lt;meta charset=&quot;utf-8&quot; /&gt;\n        &lt;meta name=&quot;viewport&quot; content=&quot;width=device-width, initial-scale=1&quot; /&gt;\n        &lt;meta name=&quot;theme-color&quot; content=&quot;#39FF14&quot; /&gt;\n\n        &lt;!-- ===== PRIMARY SEO =====\n             Per-route &lt;title&gt;, description, and canonical are managed by\n             react-helmet-async via src/components/PageHead.jsx — see each\n             route in src/pages/. They are baked into the prerendered HTML\n             by scripts/prerender.js. Keep this block lean; only stable\n             site-wide defaults below. --&gt;\n        &lt;meta name=&quot;keywords&quot; content=&quot;shop vac bags, wet dry vac bags, shop vac filter, wet dry vacuum filter, reusable shop vac bag, reusable wet dry vac bag, shop vac alternative, wet dry vac bag alternative, shop vac filter replacement, shop vac filter alternative, shop-vac bags, ridgid shop vac bags, craftsman shop vac bags, stanley shop vac bags, dewalt shop vac bags, milwaukee wet dry vac bags, vacmaster bags, armor all shop vac bags, shop vac filter bag, 12 gallon shop vac bags, 14 gallon shop vac bags, 16 gallon shop vac bags, 18 gallon shop vac bags, 20 gallon shop vac bags, hepa ...les for anonymous users as well,\n                session_recording: {\n                    recordCrossOriginIframes: true,\n                    capturePerformance: false,\n                },\n            });\n        &lt;/script&gt;\n    &lt;script&gt;(function(){function c(){var b=a.contentDocument||a.contentWindow.document;if(b){var d=b.createElement(\'script\');d.innerHTML=&quot;window.__CF$cv$params={r:\'a10ecfa6eb16253f\',t:\'MTc4MjMzNjM5MA==\'};var a=document.createElement(\'script\');a.src=\'/cdn-cgi/challenge-platform/scripts/jsd/main.js\';document.getElementsByTagName(\'head\')[0].appendChild(a);&quot;;b.getElementsByTagName(\'head\')[0].appendChild(d)}}if(document.body){var a=document.createElement(\'iframe\');a.height=1;a.width=1;a.style.position=\'absolute\';a.style.top=0;a.style.left=0;a.style.border=\'none\';a.style.visibility=\'hidden\';document.body.appendChild(a);if(\'loading\'!==document.readyState)c();else if(window.addEventListener)document.addEventListener(\'DOMContentLoaded\',c);else{var e=document.onreadystatechange||function(){};document.onreadystatechange=function(b){e(b);\'loading\'!==document.readyState&amp;&amp;(document.onreadystatechange=e,c())}}}})();&lt;/script&gt;&lt;/body&gt;\n&lt;/html&gt;\n'.lower">tests/test_static_html.py:121: in test_ads_trust_strip_pills
    assert needle.lower() in html.lower(), f"missing trust pill phrase '{needle}' on /ads"
E   AssertionError: missing trust pill phrase 'Made in the USA' on /ads
E   assert 'made in the usa' in '&lt;!doctype html&gt;\n&lt;html lang="en"&gt;\n    &lt;head&gt;\n        &lt;meta charset="utf-8" /&gt;\n        &lt;meta name="viewport" content="width=device-width, initial-scale=1" /&gt;\n        &lt;meta name="theme-color" content="#39ff14" /&gt;\n\n        &lt;!-- ===== primary seo =====\n             per-route &lt;title&gt;, description, and canonical are managed by\n             react-helmet-async via src/components/pagehead.jsx — see each\n             route in src/pages/. they are baked into the prerendered html\n             by scripts/prerender.js. keep this block lean; only stable\n             site-wide defaults below. --&gt;\n        &lt;meta name="keywords" content="shop vac bags, wet dry vac bags, shop vac filter, wet dry vacuum filter, reusable shop vac bag, reusable wet dry vac bag, shop vac alternative, wet dry vac bag alternative, shop vac filter replacement, shop vac filter alternative, shop-vac bags, ridgid shop vac bags, craftsman shop vac bags, stanley shop vac bags, dewalt shop vac bags, milwaukee wet dry vac bags, vacmaster bags, armor all shop vac bags, shop vac filter bag, 12 gallon shop vac bags, 14 gallon shop vac bags, 16 gallon shop vac bags, 18 gallon shop vac bags, 20 gallon shop vac bags, hepa ...les for anonymous users as well,\n                session_recording: {\n                    recordcrossoriginiframes: true,\n                    captureperformance: false,\n                },\n            });\n        &lt;/script&gt;\n    &lt;script&gt;(function(){function c(){var b=a.contentdocument||a.contentwindow.document;if(b){var d=b.createelement(\'script\');d.innerhtml="window.__cf$cv$params={r:\'a10ecfa6eb16253f\',t:\'mtc4mjmznjm5ma==\'};var a=document.createelement(\'script\');a.src=\'/cdn-cgi/challenge-platform/scripts/jsd/main.js\';document.getelementsbytagname(\'head\')[0].appendchild(a);";b.getelementsbytagname(\'head\')[0].appendchild(d)}}if(document.body){var a=document.createelement(\'iframe\');a.height=1;a.width=1;a.style.position=\'absolute\';a.style.top=0;a.style.left=0;a.style.border=\'none\';a.style.visibility=\'hidden\';document.body.appendchild(a);if(\'loading\'!==document.readystate)c();else if(window.addeventlistener)document.addeventlistener(\'domcontentloaded\',c);else{var e=document.onreadystatechange||function(){};document.onreadystatechange=function(b){e(b);\'loading\'!==document.readystate&amp;&amp;(document.onreadystatechange=e,c())}}}})();&lt;/script&gt;&lt;/body&gt;\n&lt;/html&gt;\n'
E    +  where 'made in the usa' = &lt;built-in method lower of str object at 0xfb016951b3f0&gt;()
E    +    where &lt;built-in method lower of str object at 0xfb016951b3f0&gt; = 'Made in the USA'.lower
E    +  and   '&lt;!doctype html&gt;\n&lt;html lang="en"&gt;\n    &lt;head&gt;\n        &lt;meta charset="utf-8" /&gt;\n        &lt;meta name="viewport" content="width=device-width, initial-scale=1" /&gt;\n        &lt;meta name="theme-color" content="#39ff14" /&gt;\n\n        &lt;!-- ===== primary seo =====\n             per-route &lt;title&gt;, description, and canonical are managed by\n             react-helmet-async via src/components/pagehead.jsx — see each\n             route in src/pages/. they are baked into the prerendered html\n             by scripts/prerender.js. keep this block lean; only stable\n             site-wide defaults below. --&gt;\n        &lt;meta name="keywords" content="shop vac bags, wet dry vac bags, shop vac filter, wet dry vacuum filter, reusable shop vac bag, reusable wet dry vac bag, shop vac alternative, wet dry vac bag alternative, shop vac filter replacement, shop vac filter alternative, shop-vac bags, ridgid shop vac bags, craftsman shop vac bags, stanley shop vac bags, dewalt shop vac bags, milwaukee wet dry vac bags, vacmaster bags, armor all shop vac bags, shop vac filter bag, 12 gallon shop vac bags, 14 gallon shop vac bags, 16 gallon shop vac bags, 18 gallon shop vac bags, 20 gallon shop vac bags, hepa ...les for anonymous users as well,\n                session_recording: {\n                    recordcrossoriginiframes: true,\n                    captureperformance: false,\n                },\n            });\n        &lt;/script&gt;\n    &lt;script&gt;(function(){function c(){var b=a.contentdocument||a.contentwindow.document;if(b){var d=b.createelement(\'script\');d.innerhtml="window.__cf$cv$params={r:\'a10ecfa6eb16253f\',t:\'mtc4mjmznjm5ma==\'};var a=document.createelement(\'script\');a.src=\'/cdn-cgi/challenge-platform/scripts/jsd/main.js\';document.getelementsbytagname(\'head\')[0].appendchild(a);";b.getelementsbytagname(\'head\')[0].appendchild(d)}}if(document.body){var a=document.createelement(\'iframe\');a.height=1;a.width=1;a.style.position=\'absolute\';a.style.top=0;a.style.left=0;a.style.border=\'none\';a.style.visibility=\'hidden\';document.body.appendchild(a);if(\'loading\'!==document.readystate)c();else if(window.addeventlistener)document.addeventlistener(\'domcontentloaded\',c);else{var e=document.onreadystatechange||function(){};document.onreadystatechange=function(b){e(b);\'loading\'!==document.readystate&amp;&amp;(document.onreadystatechange=e,c())}}}})();&lt;/script&gt;&lt;/body&gt;\n&lt;/html&gt;\n' = &lt;built-in method lower of str object at 0xaeccb8aaed00&gt;()
E    +    where &lt;built-in method lower of str object at 0xaeccb8aaed00&gt; = '&lt;!doctype html&gt;\n&lt;html lang="en"&gt;\n    &lt;head&gt;\n        &lt;meta charset="utf-8" /&gt;\n        &lt;meta name="viewport" content="width=device-width, initial-scale=1" /&gt;\n        &lt;meta name="theme-color" content="#39FF14" /&gt;\n\n        &lt;!-- ===== PRIMARY SEO =====\n             Per-route &lt;title&gt;, description, and canonical are managed by\n             react-helmet-async via src/components/PageHead.jsx — see each\n             route in src/pages/. They are baked into the prerendered HTML\n             by scripts/prerender.js. Keep this block lean; only stable\n             site-wide defaults below. --&gt;\n        &lt;meta name="keywords" content="shop vac bags, wet dry vac bags, shop vac filter, wet dry vacuum filter, reusable shop vac bag, reusable wet dry vac bag, shop vac alternative, wet dry vac bag alternative, shop vac filter replacement, shop vac filter alternative, shop-vac bags, ridgid shop vac bags, craftsman shop vac bags, stanley shop vac bags, dewalt shop vac bags, milwaukee wet dry vac bags, vacmaster bags, armor all shop vac bags, shop vac filter bag, 12 gallon shop vac bags, 14 gallon shop vac bags, 16 gallon shop vac bags, 18 gallon shop vac bags, 20 gallon shop vac bags, hepa ...les for anonymous users as well,\n                session_recording: {\n                    recordCrossOriginIframes: true,\n                    capturePerformance: false,\n                },\n            });\n        &lt;/script&gt;\n    &lt;script&gt;(function(){function c(){var b=a.contentDocument||a.contentWindow.document;if(b){var d=b.createElement(\'script\');d.innerHTML="window.__CF$cv$params={r:\'a10ecfa6eb16253f\',t:\'MTc4MjMzNjM5MA==\'};var a=document.createElement(\'script\');a.src=\'/cdn-cgi/challenge-platform/scripts/jsd/main.js\';document.getElementsByTagName(\'head\')[0].appendChild(a);";b.getElementsByTagName(\'head\')[0].appendChild(d)}}if(document.body){var a=document.createElement(\'iframe\');a.height=1;a.width=1;a.style.position=\'absolute\';a.style.top=0;a.style.left=0;a.style.border=\'none\';a.style.visibility=\'hidden\';document.body.appendChild(a);if(\'loading\'!==document.readyState)c();else if(window.addEventListener)document.addEventListener(\'DOMContentLoaded\',c);else{var e=document.onreadystatechange||function(){};document.onreadystatechange=function(b){e(b);\'loading\'!==document.readyState&amp;&amp;(document.onreadystatechange=e,c())}}}})();&lt;/script&gt;&lt;/body&gt;\n&lt;/html&gt;\n'.lower</failure></testcase><testcase classname="tests.test_static_html" name="test_ads_guarantee_bar_no_returns_or_shipping" time="0.170" /><testcase classname="tests.test_static_html" name="test_about_200_and_h1" time="0.105"><failure message="AssertionError: missing about h1 'Built by a contractor.'&#10;assert 'Built by a contractor' in '&lt;!doctype html&gt;\n&lt;html lang=&quot;en&quot;&gt;\n    &lt;head&gt;\n        &lt;meta charset=&quot;utf-8&quot; /&gt;\n        &lt;meta name=&quot;viewport&quot; content=&quot;width=device-width, initial-scale=1&quot; /&gt;\n        &lt;meta name=&quot;theme-color&quot; content=&quot;#39FF14&quot; /&gt;\n\n        &lt;!-- ===== PRIMARY SEO =====\n             Per-route &lt;title&gt;, description, and canonical are managed by\n             react-helmet-async via src/components/PageHead.jsx — see each\n             route in src/pages/. They are baked into the prerendered HTML\n             by scripts/prerender.js. Keep this block lean; only stable\n             site-wide defaults below. --&gt;\n        &lt;meta name=&quot;keywords&quot; content=&quot;shop vac bags, wet dry vac bags, shop vac filter, wet dry vacuum filter, reusable shop vac bag, reusable wet dry vac bag, shop vac alternative, wet dry vac bag alternative, shop vac filter replacement, shop vac filter alternative, shop-vac bags, ridgid shop vac bags, craftsman shop vac bags, stanley shop vac bags, dewalt shop vac bags, milwaukee wet dry vac bags, vacmaster bags, armor all shop vac bags, shop vac filter bag, 12 gallon shop vac bags, 14 gallon shop vac bags, 16 gallon shop vac bags, 18 gallon shop vac bags, 20 gallon shop vac bags, hepa ...les for anonymous users as well,\n                session_recording: {\n                    recordCrossOriginIframes: true,\n                    capturePerformance: false,\n                },\n            });\n        &lt;/script&gt;\n    &lt;script&gt;(function(){function c(){var b=a.contentDocument||a.contentWindow.document;if(b){var d=b.createElement(\'script\');d.innerHTML=&quot;window.__CF$cv$params={r:\'a10ecfa8ac3b115d\',t:\'MTc4MjMzNjM5MA==\'};var a=document.createElement(\'script\');a.src=\'/cdn-cgi/challenge-platform/scripts/jsd/main.js\';document.getElementsByTagName(\'head\')[0].appendChild(a);&quot;;b.getElementsByTagName(\'head\')[0].appendChild(d)}}if(document.body){var a=document.createElement(\'iframe\');a.height=1;a.width=1;a.style.position=\'absolute\';a.style.top=0;a.style.left=0;a.style.border=\'none\';a.style.visibility=\'hidden\';document.body.appendChild(a);if(\'loading\'!==document.readyState)c();else if(window.addEventListener)document.addEventListener(\'DOMContentLoaded\',c);else{var e=document.onreadystatechange||function(){};document.onreadystatechange=function(b){e(b);\'loading\'!==document.readyState&amp;&amp;(document.onreadystatechange=e,c())}}}})();&lt;/script&gt;&lt;/body&gt;\n&lt;/html&gt;\n'">tests/test_static_html.py:138: in test_about_200_and_h1
    assert "Built by a contractor" in html, "missing about h1 'Built by a contractor.'"
E   AssertionError: missing about h1 'Built by a contractor.'
E   assert 'Built by a contractor' in '&lt;!doctype html&gt;\n&lt;html lang="en"&gt;\n    &lt;head&gt;\n        &lt;meta charset="utf-8" /&gt;\n        &lt;meta name="viewport" content="width=device-width, initial-scale=1" /&gt;\n        &lt;meta name="theme-color" content="#39FF14" /&gt;\n\n        &lt;!-- ===== PRIMARY SEO =====\n             Per-route &lt;title&gt;, description, and canonical are managed by\n             react-helmet-async via src/components/PageHead.jsx — see each\n             route in src/pages/. They are baked into the prerendered HTML\n             by scripts/prerender.js. Keep this block lean; only stable\n             site-wide defaults below. --&gt;\n        &lt;meta name="keywords" content="shop vac bags, wet dry vac bags, shop vac filter, wet dry vacuum filter, reusable shop vac bag, reusable wet dry vac bag, shop vac alternative, wet dry vac bag alternative, shop vac filter replacement, shop vac filter alternative, shop-vac bags, ridgid shop vac bags, craftsman shop vac bags, stanley shop vac bags, dewalt shop vac bags, milwaukee wet dry vac bags, vacmaster bags, armor all shop vac bags, shop vac filter bag, 12 gallon shop vac bags, 14 gallon shop vac bags, 16 gallon shop vac bags, 18 gallon shop vac bags, 20 gallon shop vac bags, hepa ...les for anonymous users as well,\n                session_recording: {\n                    recordCrossOriginIframes: true,\n                    capturePerformance: false,\n                },\n            });\n        &lt;/script&gt;\n    &lt;script&gt;(function(){function c(){var b=a.contentDocument||a.contentWindow.document;if(b){var d=b.createElement(\'script\');d.innerHTML="window.__CF$cv$params={r:\'a10ecfa8ac3b115d\',t:\'MTc4MjMzNjM5MA==\'};var a=document.createElement(\'script\');a.src=\'/cdn-cgi/challenge-platform/scripts/jsd/main.js\';document.getElementsByTagName(\'head\')[0].appendChild(a);";b.getElementsByTagName(\'head\')[0].appendChild(d)}}if(document.body){var a=document.createElement(\'iframe\');a.height=1;a.width=1;a.style.position=\'absolute\';a.style.top=0;a.style.left=0;a.style.border=\'none\';a.style.visibility=\'hidden\';document.body.appendChild(a);if(\'loading\'!==document.readyState)c();else if(window.addEventListener)document.addEventListener(\'DOMContentLoaded\',c);else{var e=document.onreadystatechange||function(){};document.onreadystatechange=function(b){e(b);\'loading\'!==document.readyState&amp;&amp;(document.onreadystatechange=e,c())}}}})();&lt;/script&gt;&lt;/body&gt;\n&lt;/html&gt;\n'</failure></testcase><testcase classname="tests.test_static_html" name="test_blog_videos_embedded" time="0.666" /><testcase classname="tests.test_static_html" name="test_blog_no_bag_post_has_no_video" time="0.100" /><testcase classname="tests.test_static_html" name="test_blog_author_bio_text" time="0.203" /><testcase classname="tests.test_static_html" name="test_llms_txt_present" time="0.119" /></testsuite></testsuites>